<?xml version="1.0" encoding="UTF-8"?>
<testng-results ignored="0" total="2" passed="2" failed="0" skipped="0">
  <reporter-output>
  </reporter-output>
  <suite started-at="2024-03-02T13:07:03 CST" name="Parallel Testing Suite" finished-at="2024-03-02T13:07:38 CST" duration-ms="34868">
    <groups>
    </groups>
    <test started-at="2024-03-02T13:07:03 CST" name="Parallel Tests" finished-at="2024-03-02T13:07:38 CST" duration-ms="34868">
      <class name="parallel.LoginTestChrome">
        <test-method is-config="true" signature="init()[pri:0, instance:parallel.LoginTestChrome@2c35e847]" started-at="2024-03-02T13:07:03 CST" name="init" finished-at="2024-03-02T13:07:09 CST" duration-ms="5500" status="PASS">
          <reporter-output>
          </reporter-output>
        </test-method> <!-- init -->
        <test-method signature="loginTest()[pri:0, instance:parallel.LoginTestChrome@2c35e847]" started-at="2024-03-02T13:07:16 CST" name="loginTest" finished-at="2024-03-02T13:07:38 CST" duration-ms="22421" status="PASS">
          <reporter-output>
          </reporter-output>
        </test-method> <!-- loginTest -->
      </class> <!-- parallel.LoginTestChrome -->
      <class name="parallel.LoginTestFirefox">
        <test-method is-config="true" signature="init()[pri:0, instance:parallel.LoginTestFirefox@52af26ee]" started-at="2024-03-02T13:07:09 CST" name="init" finished-at="2024-03-02T13:07:16 CST" duration-ms="6896" status="PASS">
          <reporter-output>
          </reporter-output>
        </test-method> <!-- init -->
        <test-method signature="loginTest()[pri:0, instance:parallel.LoginTestFirefox@52af26ee]" started-at="2024-03-02T13:07:16 CST" name="loginTest" finished-at="2024-03-02T13:07:17 CST" duration-ms="1551" status="PASS">
          <reporter-output>
          </reporter-output>
        </test-method> <!-- loginTest -->
      </class> <!-- parallel.LoginTestFirefox -->
    </test> <!-- Parallel Tests -->
  </suite> <!-- Parallel Testing Suite -->
</testng-results>
